<?xml version="1.0" encoding="UTF-8"?>
<testsuite name="Matrix" tests="4" skipped="0" failures="0" errors="0" timestamp="2023-12-17T13:42:31" hostname="DESKTOP-4OO31M4" time="0.352">
  <properties/>
  <testcase name="Determinant" classname="Matrix" time="0.327"/>
  <testcase name="Transpose" classname="Matrix" time="0.01"/>
  <testcase name="Inverse" classname="Matrix" time="0.009"/>
  <testcase name="Cofactor" classname="Matrix" time="0.006"/>
  <system-out><![CDATA[]]></system-out>
  <system-err><![CDATA[]]></system-err>
</testsuite>
